# JRE version: OpenJDK Runtime Environment Temurin-17.0.5+8 (17.0.5+8) (build 17.0.5+8)
# Java VM: OpenJDK 64-Bit Server VM Temurin-17.0.5+8 (17.0.5+8, mixed mode, emulated-client, tiered, compressed oops, compressed class ptrs, g1 gc, windows-amd64)
GC Precious Log:
 CPUs: 8 total, 8 available
 Memory: 8078M
 Large Page Support: Disabled
 NUMA Support: Disabled
 Compressed Oops: Enabled (32-bit)
 Heap Region Size: 1M
 Heap Min Capacity: 8M
 Heap Initial Capacity: 128M
 Heap Max Capacity: 2020M
 Pre-touch: Disabled
 Parallel Workers: 8
 Concurrent Workers: 2
 Concurrent Refinement Workers: 8
 Periodic GC: Disabled
Heap:
 garbage-first heap   total 82944K, used 48049K [0x0000000081c00000, 0x0000000100000000)
  region size 1024K, 25 young (25600K), 3 survivors (3072K)
 Metaspace       used 64872K, committed 65344K, reserved 1105920K
  class space    used 8889K, committed 9088K, reserved 1048576K
GC Heap History (20 events):
Event: 1.212 GC heap before
{Heap before GC invocations=4 (full 0):
 garbage-first heap   total 40960K, used 30200K [0x0000000081c00000, 0x0000000100000000)
  region size 1024K, 24 young (24576K), 2 survivors (2048K)
 Metaspace       used 25328K, committed 25664K, reserved 1073152K
  class space    used 3105K, committed 3264K, reserved 1048576K
}
Event: 1.215 GC heap after
{Heap after GC invocations=5 (full 0):
 garbage-first heap   total 40960K, used 10954K [0x0000000081c00000, 0x0000000100000000)
  region size 1024K, 3 young (3072K), 3 survivors (3072K)
 Metaspace       used 25328K, committed 25664K, reserved 1073152K
  class space    used 3105K, committed 3264K, reserved 1048576K
}
Event: 1.221 GC heap before
{Heap before GC invocations=5 (full 0):
 garbage-first heap   total 40960K, used 11978K [0x0000000081c00000, 0x0000000100000000)
  region size 1024K, 4 young (4096K), 3 survivors (3072K)
 Metaspace       used 25472K, committed 25792K, reserved 1073152K
  class space    used 3119K, committed 3264K, reserved 1048576K
}
Event: 1.224 GC heap after
{Heap after GC invocations=6 (full 0):
 garbage-first heap   total 40960K, used 11417K [0x0000000081c00000, 0x0000000100000000)
  region size 1024K, 1 young (1024K), 1 survivors (1024K)
 Metaspace       used 25472K, committed 25792K, reserved 1073152K
  class space    used 3119K, committed 3264K, reserved 1048576K
}
Event: 1.338 GC heap before
{Heap before GC invocations=6 (full 0):
 garbage-first heap   total 40960K, used 26777K [0x0000000081c00000, 0x0000000100000000)
  region size 1024K, 17 young (17408K), 1 survivors (1024K)
 Metaspace       used 28884K, committed 29184K, reserved 1081344K
  class space    used 3488K, committed 3648K, reserved 1048576K
}
Event: 1.340 GC heap after
{Heap after GC invocations=7 (full 0):
 garbage-first heap   total 40960K, used 12881K [0x0000000081c00000, 0x0000000100000000)
  region size 1024K, 3 young (3072K), 3 survivors (3072K)
 Metaspace       used 28884K, committed 29184K, reserved 1081344K
  class space    used 3488K, committed 3648K, reserved 1048576K
}
Event: 1.520 GC heap before
{Heap before GC invocations=7 (full 0):
 garbage-first heap   total 40960K, used 27217K [0x0000000081c00000, 0x0000000100000000)
  region size 1024K, 18 young (18432K), 3 survivors (3072K)
 Metaspace       used 30590K, committed 30912K, reserved 1081344K
  class space    used 3745K, committed 3904K, reserved 1048576K
}
Event: 1.524 GC heap after
{Heap after GC invocations=8 (full 0):
 garbage-first heap   total 81920K, used 13907K [0x0000000081c00000, 0x0000000100000000)
  region size 1024K, 2 young (2048K), 2 survivors (2048K)
 Metaspace       used 30590K, committed 30912K, reserved 1081344K
  class space    used 3745K, committed 3904K, reserved 1048576K
}
Event: 2.041 GC heap before
{Heap before GC invocations=8 (full 0):
 garbage-first heap   total 81920K, used 55891K [0x0000000081c00000, 0x0000000100000000)
  region size 1024K, 43 young (44032K), 2 survivors (2048K)
 Metaspace       used 33612K, committed 33920K, reserved 1081344K
  class space    used 4196K, committed 4352K, reserved 1048576K
}
Event: 2.045 GC heap after
{Heap after GC invocations=9 (full 0):
 garbage-first heap   total 81920K, used 16750K [0x0000000081c00000, 0x0000000100000000)
  region size 1024K, 4 young (4096K), 4 survivors (4096K)
 Metaspace       used 33612K, committed 33920K, reserved 1081344K
  class space    used 4196K, committed 4352K, reserved 1048576K
}
Event: 2.325 GC heap before
{Heap before GC invocations=9 (full 0):
 garbage-first heap   total 81920K, used 37230K [0x0000000081c00000, 0x0000000100000000)
  region size 1024K, 25 young (25600K), 4 survivors (4096K)
 Metaspace       used 35843K, committed 36096K, reserved 1081344K
  class space    used 4553K, committed 4672K, reserved 1048576K
}
Event: 2.330 GC heap after
{Heap after GC invocations=10 (full 0):
 garbage-first heap   total 81920K, used 18298K [0x0000000081c00000, 0x0000000100000000)
  region size 1024K, 5 young (5120K), 5 survivors (5120K)
 Metaspace       used 35843K, committed 36096K, reserved 1081344K
  class space    used 4553K, committed 4672K, reserved 1048576K
}
Event: 2.770 GC heap before
{Heap before GC invocations=11 (full 0):
 garbage-first heap   total 68608K, used 54138K [0x0000000081c00000, 0x0000000100000000)
  region size 1024K, 40 young (40960K), 5 survivors (5120K)
 Metaspace       used 40659K, committed 41088K, reserved 1089536K
  class space    used 5259K, committed 5440K, reserved 1048576K
}
Event: 2.776 GC heap after
{Heap after GC invocations=12 (full 0):
 garbage-first heap   total 68608K, used 21647K [0x0000000081c00000, 0x0000000100000000)
  region size 1024K, 5 young (5120K), 5 survivors (5120K)
 Metaspace       used 40659K, committed 41088K, reserved 1089536K
  class space    used 5259K, committed 5440K, reserved 1048576K
}
Event: 3.139 GC heap before
{Heap before GC invocations=12 (full 0):
 garbage-first heap   total 68608K, used 50319K [0x0000000081c00000, 0x0000000100000000)
  region size 1024K, 34 young (34816K), 5 survivors (5120K)
 Metaspace       used 46365K, committed 46848K, reserved 1097728K
  class space    used 5944K, committed 6144K, reserved 1048576K
}
Event: 3.144 GC heap after
{Heap after GC invocations=13 (full 0):
 garbage-first heap   total 68608K, used 24116K [0x0000000081c00000, 0x0000000100000000)
  region size 1024K, 3 young (3072K), 3 survivors (3072K)
 Metaspace       used 46365K, committed 46848K, reserved 1097728K
  class space    used 5944K, committed 6144K, reserved 1048576K
}
Event: 3.493 GC heap before
{Heap before GC invocations=13 (full 0):
 garbage-first heap   total 68608K, used 50740K [0x0000000081c00000, 0x0000000100000000)
  region size 1024K, 30 young (30720K), 3 survivors (3072K)
 Metaspace       used 52020K, committed 52480K, reserved 1097728K
  class space    used 6817K, committed 7040K, reserved 1048576K
}
Event: 3.498 GC heap after
{Heap after GC invocations=14 (full 0):
 garbage-first heap   total 82944K, used 25131K [0x0000000081c00000, 0x0000000100000000)
  region size 1024K, 4 young (4096K), 4 survivors (4096K)
 Metaspace       used 52020K, committed 52480K, reserved 1097728K
  class space    used 6817K, committed 7040K, reserved 1048576K
}
Event: 3.891 GC heap before
{Heap before GC invocations=14 (full 0):
 garbage-first heap   total 82944K, used 55851K [0x0000000081c00000, 0x0000000100000000)
  region size 1024K, 35 young (35840K), 4 survivors (4096K)
 Metaspace       used 60177K, committed 60608K, reserved 1105920K
  class space    used 7998K, committed 8192K, reserved 1048576K
}
Event: 3.896 GC heap after
{Heap after GC invocations=15 (full 0):
 garbage-first heap   total 82944K, used 26545K [0x0000000081c00000, 0x0000000100000000)
  region size 1024K, 3 young (3072K), 3 survivors (3072K)
 Metaspace       used 60177K, committed 60608K, reserved 1105920K
  class space    used 7998K, committed 8192K, reserved 1048576K
}

